Welcome to QuickSync File Hub - Streamlined Transfers at Your Fingertips!
Usage: 
	transfer <filename> - Command that transfers the file to the server
	receive <filename> - Command that receives the file from the server
	exit - Command that exits the program
	help - Command that prints this help message again

Enter command: /Users/rafiksongoku/Documents/NetCoursework/TFTP-UDP-Client/src/a0.txt
Received ACK, sending data...
Sent packet 1
Sent packet 2
Sent packet 3
Sent packet 4
Sent packet 5
Sent packet 6
Sent packet 7
Sent packet 8
Sent packet 9
Sent packet 10
Sent packet 11
Sent packet 12
Sent packet 13
Sent packet 14
Sent packet 15
Sent packet 16
Sent packet 17
Sent packet 18
Sent packet 19
Sent packet 20
Sent packet 21
Sent packet 22
Sent packet 23
Sent packet 24
Sent packet 25
Sent packet 26
Sent packet 27
Sent packet 28
Sent packet 29
Sent packet 30
Sent packet 31
Sent packet 32
Sent packet 33
Sent packet 34
Sent packet 35
Sent packet 36
Sent packet 37
Sent packet 38
Sent packet 39
Sent packet 40
Sent packet 41
Sent packet 42
Sent packet 43
Sent packet 44
Sent packet 45
Sent packet 46
Sent packet 47
Sent packet 48
Sent packet 49
Sent packet 50
Sent packet 51
Sent packet 52
Sent packet 53
Sent packet 54
Sent packet 55
Sent packet 56
Sent packet 57
Sent packet 58
Sent packet 59
Sent packet 60
Sent packet 61
Sent packet 62
Sent packet 63
Sent packet 64
Sent packet 65
Sent packet 66
Sent packet 67
Sent packet 68
Sent packet 69
Sent packet 70
Sent packet 71
Sent packet 72
Sent packet 73
Sent packet 74
Sent packet 75
Sent packet 76
Sent packet 77
Sent packet 78
Sent packet 79
Sent packet 80
Sent packet 81
Sent packet 82
Sent packet 83
Sent packet 84
Sent packet 85
Sent packet 86
Sent packet 87
Sent packet 88
Sent packet 89
Sent packet 90
Sent packet 91
Sent packet 92
Sent packet 93
File sent successfully
Enter command: Block number: 1
Block number: 2
Block number: 3
Block number: 4
Block number: 5
Block number: 6
Block number: 7
Block number: 8
Block number: 9
Block number: 10
Block number: 11
Block number: 12
Block number: 13
Block number: 14
Block number: 15
Block number: 16
Block number: 17
Block number: 18
Block number: 19
Block number: 20
Block number: 21
Block number: 22
Block number: 23
Block number: 24
Block number: 25
Block number: 26
Block number: 27
Block number: 28
Block number: 29
Block number: 30
Block number: 31
Block number: 32
Block number: 33
Block number: 34
Block number: 35
Block number: 36
Block number: 37
Block number: 38
Block number: 39
Block number: 40
Block number: 41
Block number: 42
Block number: 43
Block number: 44
Block number: 45
Block number: 46
Block number: 47
Block number: 48
Block number: 49
Block number: 50
Block number: 51
Block number: 52
Block number: 53
Block number: 54
Block number: 55
Block number: 56
Block number: 57
Block number: 58
Block number: 59
Block number: 60
Block number: 61
Block number: 62
Block number: 63
Block number: 64
Block number: 65
Block number: 66
Block number: 67
Block number: 68
Block number: 69
Block number: 70
Block number: 71
Block number: 72
Block number: 73
Block number: 74
Block number: 75
Block number: 76
Block number: 77
Block number: 78
Block number: 79
Block number: 80
Block number: 81
Block number: 82
Block number: 83
Block number: 84
Block number: 85
Block number: 86
Block number: 87
Block number: 88
Block number: 89
Block number: 90
Block number: 91
Block number: 92
Block number: 93
Filename: a0.txt
Saving file to: /Users/rafiksongoku/Documents/NetCoursework/TFTP-UDP-Client/src/a0.txt
Enter command: /Users/rafiksongoku/Documents/NetCoursework/TFTP-UDP-Client/src/a3.txt
Received ACK, sending data...
Sent packet 1
Sent packet 2
Sent packet 3
Sent packet 4
Sent packet 5
Sent packet 6
Sent packet 7
Sent packet 8
Sent packet 9
Sent packet 10
Sent packet 11
Sent packet 12
Sent packet 13
File sent successfully
Enter command: Block number: 1
Block number: 2
Block number: 3
Block number: 4
Block number: 5
Block number: 6
Block number: 7
Block number: 8
Block number: 9
Block number: 10
Block number: 11
Block number: 12
Block number: 13
Filename: a3.txt
Saving file to: /Users/rafiksongoku/Documents/NetCoursework/TFTP-UDP-Client/src/a3.txt
Enter command: Usage: 
	transfer <filename> - Command that transfers the file to the server
	receive <filename> - Command that receives the file from the server
	exit - Command that exits the program
	help - Command that prints this help message again

Enter command: 